{
  "RSpec": {
    "coverage": {
      "/home/balu/balu/web18-08/aitfoody/test/controllers/backend_controller_test.rb": [
        1,
        null,
        1,
        1,
        null,
        1,
        0,
        null,
        null
      ],
      "/home/balu/balu/web18-08/aitfoody/test/controllers/comments_controller_test.rb": [
        1,
        null,
        1,
        1,
        1,
        null,
        0,
        0,
        null,
        null,
        1,
        0,
        0,
        null,
        null,
        1,
        0,
        0,
        null,
        null,
        1,
        0,
        0,
        null,
        null,
        0,
        null,
        null,
        1,
        0,
        0,
        null,
        null,
        1,
        0,
        0,
        null,
        null,
        1,
        0,
        0,
        null,
        null,
        1,
        0,
        0,
        null,
        null,
        0,
        null,
        null
      ],
      "/home/balu/balu/web18-08/aitfoody/test/controllers/myarticles_controller_test.rb": [
        1,
        null,
        1,
        1,
        1,
        0,
        0,
        null,
        null,
        null
      ],
      "/home/balu/balu/web18-08/aitfoody/test/controllers/places_controller_test.rb": [
        1,
        null,
        1,
        1,
        1,
        0,
        null,
        null,
        1,
        0,
        0,
        null,
        null,
        1,
        0,
        0,
        null,
        null,
        1,
        0,
        0,
        null,
        null,
        0,
        null,
        null,
        1,
        0,
        0,
        null,
        null,
        1,
        0,
        0,
        null,
        null,
        1,
        0,
        0,
        null,
        null,
        1,
        0,
        0,
        null,
        null,
        0,
        null,
        null
      ],
      "/home/balu/balu/web18-08/aitfoody/test/controllers/revarticles_controller_test.rb": [
        1,
        null,
        1,
        1,
        1,
        0,
        0,
        0,
        null,
        null,
        1,
        0,
        0,
        null,
        null,
        1,
        0,
        0,
        null,
        null,
        1,
        0,
        0,
        null,
        null,
        0,
        null,
        null,
        1,
        0,
        0,
        null,
        null,
        1,
        0,
        0,
        null,
        null,
        1,
        0,
        0,
        null,
        null,
        1,
        0,
        0,
        null,
        null,
        0,
        null,
        null
      ],
      "/home/balu/balu/web18-08/aitfoody/test/models/comment_test.rb": [
        1,
        null,
        1,
        null,
        null,
        null,
        null
      ],
      "/home/balu/balu/web18-08/aitfoody/test/models/place_test.rb": [
        1,
        null,
        1,
        null,
        null,
        null,
        null
      ],
      "/home/balu/balu/web18-08/aitfoody/test/models/revarticle_test.rb": [
        1,
        null,
        1,
        null,
        1,
        1,
        null,
        1,
        null,
        1,
        null,
        null,
        null,
        1,
        null,
        null,
        null,
        1,
        null,
        null,
        null,
        1,
        null,
        null,
        null,
        1,
        null,
        null,
        null
      ],
      "/home/balu/balu/web18-08/aitfoody/test/models/review_comment_test.rb": [
        1,
        null,
        1,
        null,
        null,
        null,
        null
      ],
      "/home/balu/balu/web18-08/aitfoody/test/models/role_test.rb": [
        1,
        null,
        1,
        1,
        1,
        null,
        1,
        null,
        1,
        1,
        null,
        null
      ],
      "/home/balu/balu/web18-08/aitfoody/test/models/typefood_test.rb": [
        1,
        null,
        1,
        null,
        null,
        null,
        null
      ],
      "/home/balu/balu/web18-08/aitfoody/test/models/user_test.rb": [
        1,
        null,
        1,
        1,
        1,
        null,
        1,
        null,
        1,
        1,
        null,
        null,
        null,
        1,
        null,
        1,
        null,
        1,
        1,
        null,
        null
      ]
    },
    "timestamp": 1543757565
  }
}
